<?xml version="1.0" encoding="UTF-8"?>
<testng-results ignored="0" total="9" passed="9" failed="0" skipped="0">
  <reporter-output>
  </reporter-output>
  <suite started-at="2022-03-12T10:39:03 IST" name="Default suite" finished-at="2022-03-12T10:39:04 IST" duration-ms="87">
    <groups>
      <group name="Smoke">
        <method signature="CarLoanApplicationTests.CarLoanLoginAPI()[pri:0, instance:test.CarLoanApplicationTests@503d687a]" name="CarLoanLoginAPI" class="test.CarLoanApplicationTests"/>
        <method signature="HomeLoanApplicationTests.HomeLoanLoginMobile()[pri:0, instance:test.HomeLoanApplicationTests@50ad3bc1]" name="HomeLoanLoginMobile" class="test.HomeLoanApplicationTests"/>
        <method signature="sample1.test2()[pri:0, instance:test.sample1@193f604a]" name="test2" class="test.sample1"/>
      </group> <!-- Smoke -->
    </groups>
    <test started-at="2022-03-12T10:39:03 IST" name="Default test" finished-at="2022-03-12T10:39:04 IST" duration-ms="87">
      <class name="test.CarLoanApplicationTests">
        <test-method signature="CarLoanLoginAPI()[pri:0, instance:test.CarLoanApplicationTests@503d687a]" started-at="2022-03-12T10:39:04 IST" name="CarLoanLoginAPI" finished-at="2022-03-12T10:39:04 IST" duration-ms="7" status="PASS">
          <reporter-output>
          </reporter-output>
        </test-method> <!-- CarLoanLoginAPI -->
        <test-method signature="CarLoanLoginMobile()[pri:0, instance:test.CarLoanApplicationTests@503d687a]" started-at="2022-03-12T10:39:04 IST" name="CarLoanLoginMobile" finished-at="2022-03-12T10:39:04 IST" duration-ms="1" status="PASS">
          <reporter-output>
          </reporter-output>
        </test-method> <!-- CarLoanLoginMobile -->
        <test-method signature="CarLoanLoginWeb()[pri:0, instance:test.CarLoanApplicationTests@503d687a]" started-at="2022-03-12T10:39:04 IST" name="CarLoanLoginWeb" finished-at="2022-03-12T10:39:04 IST" duration-ms="2" status="PASS">
          <reporter-output>
          </reporter-output>
        </test-method> <!-- CarLoanLoginWeb -->
      </class> <!-- test.CarLoanApplicationTests -->
      <class name="test.HomeLoanApplicationTests">
        <test-method is-config="true" signature="runVeryFirst()[pri:0, instance:test.HomeLoanApplicationTests@50ad3bc1]" started-at="2022-03-12T10:39:03 IST" name="runVeryFirst" finished-at="2022-03-12T10:39:03 IST" duration-ms="11" status="PASS">
          <reporter-output>
          </reporter-output>
        </test-method> <!-- runVeryFirst -->
        <test-method is-config="true" signature="beforeEachMethod()[pri:0, instance:test.HomeLoanApplicationTests@50ad3bc1]" started-at="2022-03-12T10:39:04 IST" name="beforeEachMethod" finished-at="2022-03-12T10:39:04 IST" duration-ms="0" status="PASS">
          <reporter-output>
          </reporter-output>
        </test-method> <!-- beforeEachMethod -->
        <test-method signature="HomeLoanLoginAPI()[pri:0, instance:test.HomeLoanApplicationTests@50ad3bc1]" started-at="2022-03-12T10:39:04 IST" name="HomeLoanLoginAPI" finished-at="2022-03-12T10:39:04 IST" duration-ms="2" status="PASS">
          <reporter-output>
          </reporter-output>
        </test-method> <!-- HomeLoanLoginAPI -->
        <test-method is-config="true" signature="afterEachMethod()[pri:0, instance:test.HomeLoanApplicationTests@50ad3bc1]" started-at="2022-03-12T10:39:04 IST" name="afterEachMethod" finished-at="2022-03-12T10:39:04 IST" duration-ms="0" status="PASS">
          <reporter-output>
          </reporter-output>
        </test-method> <!-- afterEachMethod -->
        <test-method is-config="true" signature="beforeEachMethod()[pri:0, instance:test.HomeLoanApplicationTests@50ad3bc1]" started-at="2022-03-12T10:39:04 IST" name="beforeEachMethod" finished-at="2022-03-12T10:39:04 IST" duration-ms="0" status="PASS">
          <reporter-output>
          </reporter-output>
        </test-method> <!-- beforeEachMethod -->
        <test-method signature="HomeLoanLoginMobile()[pri:0, instance:test.HomeLoanApplicationTests@50ad3bc1]" started-at="2022-03-12T10:39:04 IST" name="HomeLoanLoginMobile" finished-at="2022-03-12T10:39:04 IST" duration-ms="2" status="PASS">
          <reporter-output>
          </reporter-output>
        </test-method> <!-- HomeLoanLoginMobile -->
        <test-method is-config="true" signature="afterEachMethod()[pri:0, instance:test.HomeLoanApplicationTests@50ad3bc1]" started-at="2022-03-12T10:39:04 IST" name="afterEachMethod" finished-at="2022-03-12T10:39:04 IST" duration-ms="1" status="PASS">
          <reporter-output>
          </reporter-output>
        </test-method> <!-- afterEachMethod -->
        <test-method is-config="true" signature="beforeEachMethod()[pri:0, instance:test.HomeLoanApplicationTests@50ad3bc1]" started-at="2022-03-12T10:39:04 IST" name="beforeEachMethod" finished-at="2022-03-12T10:39:04 IST" duration-ms="0" status="PASS">
          <reporter-output>
          </reporter-output>
        </test-method> <!-- beforeEachMethod -->
        <test-method signature="HomeLoanLoginWeb()[pri:0, instance:test.HomeLoanApplicationTests@50ad3bc1]" started-at="2022-03-12T10:39:04 IST" name="HomeLoanLoginWeb" finished-at="2022-03-12T10:39:04 IST" duration-ms="1" status="PASS">
          <reporter-output>
          </reporter-output>
        </test-method> <!-- HomeLoanLoginWeb -->
        <test-method is-config="true" signature="afterEachMethod()[pri:0, instance:test.HomeLoanApplicationTests@50ad3bc1]" started-at="2022-03-12T10:39:04 IST" name="afterEachMethod" finished-at="2022-03-12T10:39:04 IST" duration-ms="0" status="PASS">
          <reporter-output>
          </reporter-output>
        </test-method> <!-- afterEachMethod -->
        <test-method is-config="true" signature="runVeryLast()[pri:0, instance:test.HomeLoanApplicationTests@50ad3bc1]" started-at="2022-03-12T10:39:04 IST" name="runVeryLast" finished-at="2022-03-12T10:39:04 IST" duration-ms="0" status="PASS">
          <reporter-output>
          </reporter-output>
        </test-method> <!-- runVeryLast -->
      </class> <!-- test.HomeLoanApplicationTests -->
      <class name="test.sample1">
        <test-method is-config="true" signature="setup()[pri:0, instance:test.sample1@193f604a]" started-at="2022-03-12T10:39:03 IST" name="setup" finished-at="2022-03-12T10:39:03 IST" duration-ms="1" status="PASS">
          <reporter-output>
          </reporter-output>
        </test-method> <!-- setup -->
        <test-method signature="test1()[pri:0, instance:test.sample1@193f604a]" started-at="2022-03-12T10:39:04 IST" name="test1" finished-at="2022-03-12T10:39:04 IST" duration-ms="1" status="PASS">
          <reporter-output>
          </reporter-output>
        </test-method> <!-- test1 -->
        <test-method signature="test2()[pri:0, instance:test.sample1@193f604a]" started-at="2022-03-12T10:39:04 IST" name="test2" finished-at="2022-03-12T10:39:04 IST" duration-ms="2" status="PASS">
          <reporter-output>
          </reporter-output>
        </test-method> <!-- test2 -->
        <test-method signature="test3()[pri:0, instance:test.sample1@193f604a]" started-at="2022-03-12T10:39:04 IST" name="test3" finished-at="2022-03-12T10:39:04 IST" duration-ms="2" status="PASS">
          <reporter-output>
          </reporter-output>
        </test-method> <!-- test3 -->
        <test-method is-config="true" signature="cleanup()[pri:0, instance:test.sample1@193f604a]" started-at="2022-03-12T10:39:04 IST" name="cleanup" finished-at="2022-03-12T10:39:04 IST" duration-ms="0" status="PASS">
          <reporter-output>
          </reporter-output>
        </test-method> <!-- cleanup -->
      </class> <!-- test.sample1 -->
    </test> <!-- Default test -->
  </suite> <!-- Default suite -->
</testng-results>
