<?xml version="1.0" encoding="UTF-8"?>
<!-- Generated by org.testng.reporters.JUnitXMLReporter -->
<testsuite ignored="0" hostname="LAPTOP-6MK7GN8O" failures="0" tests="9" name="Default test" time="0.087" errors="0" timestamp="2022-03-12T10:39:04 IST">
  <testcase classname="test.CarLoanApplicationTests" name="CarLoanLoginAPI" time="0.007"/>
  <testcase classname="test.CarLoanApplicationTests" name="CarLoanLoginMobile" time="0.001"/>
  <testcase classname="test.CarLoanApplicationTests" name="CarLoanLoginWeb" time="0.002"/>
  <testcase classname="test.HomeLoanApplicationTests" name="HomeLoanLoginAPI" time="0.002"/>
  <testcase classname="test.HomeLoanApplicationTests" name="HomeLoanLoginMobile" time="0.002"/>
  <testcase classname="test.HomeLoanApplicationTests" name="HomeLoanLoginWeb" time="0.001"/>
  <testcase classname="test.sample1" name="test1" time="0.001"/>
  <testcase classname="test.sample1" name="test2" time="0.002"/>
  <testcase classname="test.sample1" name="test3" time="0.002"/>
</testsuite> <!-- Default test -->
